#
# There is insufficient memory for the Java Runtime Environment to continue.
# Native memory allocation (malloc) failed to allocate 1198928 bytes. Error detail: Chunk::new
# Possible reasons:
#   The system is out of physical RAM or swap space
#   This process is running with CompressedOops enabled, and the Java Heap may be blocking the growth of the native heap
# Possible solutions:
#   Reduce memory load on the system
#   Increase physical memory or swap space
#   Check if swap backing store is full
#   Decrease Java heap size (-Xmx/-Xms)
#   Decrease number of Java threads
#   Decrease Java thread stack sizes (-Xss)
#   Set larger code cache with -XX:ReservedCodeCacheSize=
#   JVM is running with Zero Based Compressed Oops mode in which the Java heap is
#     placed in the first 32GB address space. The Java Heap base address is the
#     maximum limit for the native heap growth. Please use -XX:HeapBaseMinAddress
#     to set the Java Heap base and to place the Java Heap above 32GB virtual address.
# This output file may be truncated or incomplete.
#
#  Out of Memory Error (arena.cpp:168), pid=8584, tid=18152
#
# JRE version: OpenJDK Runtime Environment Temurin-21.0.11+10 (21.0.11+10) (build 21.0.11+10-LTS)
# Java VM: OpenJDK 64-Bit Server VM Temurin-21.0.11+10 (21.0.11+10-LTS, mixed mode, sharing, tiered, compressed oops, compressed class ptrs, g1 gc, windows-amd64)
# No core dump will be written. Minidumps are not enabled by default on client versions of Windows
#

---------------  S U M M A R Y ------------

Command Line: --add-opens=java.base/java.lang=ALL-UNNAMED --add-opens=java.base/java.lang.invoke=ALL-UNNAMED --add-opens=java.base/java.util=ALL-UNNAMED --add-opens=java.prefs/java.util.prefs=ALL-UNNAMED --add-exports=jdk.compiler/com.sun.tools.javac.api=ALL-UNNAMED --add-exports=jdk.compiler/com.sun.tools.javac.util=ALL-UNNAMED --add-opens=java.base/java.util=ALL-UNNAMED --add-opens=java.prefs/java.util.prefs=ALL-UNNAMED --add-opens=java.base/java.nio.charset=ALL-UNNAMED --add-opens=java.base/java.net=ALL-UNNAMED --add-opens=java.base/java.util.concurrent.atomic=ALL-UNNAMED --add-opens=java.xml/javax.xml.namespace=ALL-UNNAMED -XX:MaxMetaspaceSize=4G -XX:ReservedCodeCacheSize=512m -XX:+HeapDumpOnOutOfMemoryError -Xmx8G -Dfile.encoding=UTF-8 -Duser.country=US -Duser.language=en -Duser.variant -javaagent:C:\Users\HP\.gradle\wrapper\dists\gradle-8.14-all\c2qonpi39x1mddn7hk5gh9iqj\gradle-8.14\lib\agents\gradle-instrumentation-agent-8.14.jar org.gradle.launcher.daemon.bootstrap.GradleDaemon 8.14

Host: Intel(R) Core(TM) i5-8365U CPU @ 1.60GHz, 8 cores, 7G,  Windows 11 , 64 bit Build 26100 (10.0.26100.8521)
Time: Tue Jul 14 10:45:08 2026 SE Asia Standard Time elapsed time: 40.452540 seconds (0d 0h 0m 40s)

---------------  T H R E A D  ---------------

Current thread (0x0000020e05cb2870):  JavaThread "C2 CompilerThread1" daemon [_thread_in_native, id=18152, stack(0x00000081db800000,0x00000081db900000) (1024K)]


Current CompileTask:
C2:40452 9576       4       org.gradle.cache.internal.btree.StateCheckBlockStore::read (33 bytes)

Stack: [0x00000081db800000,0x00000081db900000]
Native frames: (J=compiled Java code, j=interpreted, Vv=VM code, C=native code)
V  [jvm.dll+0x6d7e19]
V  [jvm.dll+0x8b5096]
V  [jvm.dll+0x8b764e]
V  [jvm.dll+0x8b7d33]
V  [jvm.dll+0x284596]
V  [jvm.dll+0xc685d]
V  [jvm.dll+0xc6da1]
V  [jvm.dll+0x3bed6b]
V  [jvm.dll+0x38b2b2]
V  [jvm.dll+0x38a6fa]
V  [jvm.dll+0x24c700]
V  [jvm.dll+0x24bce0]
V  [jvm.dll+0x1cb4ae]
V  [jvm.dll+0x25baad]
V  [jvm.dll+0x25a03a]
V  [jvm.dll+0x3f868e]
V  [jvm.dll+0x85fb0d]
V  [jvm.dll+0x6d664d]
C  [ucrtbase.dll+0x2cd30]
C  [KERNEL32.DLL+0x2e957]
C  [ntdll.dll+0x87c1c]


---------------  P R O C E S S  ---------------

Threads class SMR info:
_java_thread_list=0x0000020e06625a30, length=103, elements={
0x0000020e0b124af0, 0x0000020e38a27320, 0x0000020e38a2bf50, 0x0000020e38a2cb60,
0x0000020e38a2d5c0, 0x0000020e38a2e1d0, 0x0000020e38a2ec30, 0x0000020e38a309d0,
0x0000020e38a53d80, 0x0000020e3b4a04b0, 0x0000020e3b4fa7e0, 0x0000020e7ddcef80,
0x0000020e7de051d0, 0x0000020e7ddc82d0, 0x0000020e7de21440, 0x0000020e7d2b5af0,
0x0000020e3b5b9bb0, 0x0000020e3b5cddb0, 0x0000020e3b5cbce0, 0x0000020e3b5ce440,
0x0000020e3b5cc370, 0x0000020e3b5cca00, 0x0000020e3b5cd720, 0x0000020e3b5cead0,
0x0000020e3b5cf160, 0x0000020e0475ef10, 0x0000020e0475ce40, 0x0000020e0475e880,
0x0000020e0475c120, 0x0000020e0475db60, 0x0000020e0475fc30, 0x0000020e0475c7b0,
0x0000020e04763740, 0x0000020e047602c0, 0x0000020e04762390, 0x0000020e04762a20,
0x0000020e04760fe0, 0x0000020e05416ff0, 0x0000020e0541a470, 0x0000020e05417d10,
0x0000020e054183a0, 0x0000020e05419de0, 0x0000020e0541ab00, 0x0000020e05417680,
0x0000020e05419750, 0x0000020e0541b190, 0x0000020e0541b820, 0x0000020e05418a30,
0x0000020e0541c540, 0x0000020e054190c0, 0x0000020e0541cbd0, 0x0000020e0541d260,
0x0000020e0541d8f0, 0x0000020e0541df80, 0x0000020e0541e610, 0x0000020e04e44940,
0x0000020e05cb2870, 0x0000020e04e44fd0, 0x0000020e04e48ae0, 0x0000020e04e46380,
0x0000020e04e47730, 0x0000020e04e45660, 0x0000020e047630b0, 0x0000020e07957640,
0x0000020e07956fb0, 0x0000020e0795b150, 0x0000020e07959710, 0x0000020e07957cd0,
0x0000020e07959080, 0x0000020e0795b7e0, 0x0000020e07959da0, 0x0000020e07958360,
0x0000020e0795be70, 0x0000020e079589f0, 0x0000020e0795c500, 0x0000020e0795cb90,
0x0000020e0795d220, 0x0000020e0795aac0, 0x0000020e0795d8b0, 0x0000020e0795a430,
0x0000020e0795e5d0, 0x0000020e0795df40, 0x0000020e0751c580, 0x0000020e0751b1d0,
0x0000020e0751cc10, 0x0000020e0751ab40, 0x0000020e0751b860, 0x0000020e07519e20,
0x0000020e07519790, 0x0000020e0751d930, 0x0000020e0751d2a0, 0x0000020e0751a4b0,
0x0000020e0751dfc0, 0x0000020e07520db0, 0x0000020e0751e650, 0x0000020e07520720,
0x0000020e0751ece0, 0x0000020e0751fa00, 0x0000020e0751f370, 0x0000020e07520090,
0x0000020e073d1f40, 0x0000020e073d0500, 0x0000020e073d0b90
}

Java Threads: ( => current thread )
  0x0000020e0b124af0 JavaThread "main"                              [_thread_blocked, id=4832, stack(0x00000081d7100000,0x00000081d7200000) (1024K)]
  0x0000020e38a27320 JavaThread "Reference Handler"          daemon [_thread_blocked, id=2196, stack(0x00000081d7900000,0x00000081d7a00000) (1024K)]
  0x0000020e38a2bf50 JavaThread "Finalizer"                  daemon [_thread_blocked, id=20880, stack(0x00000081d7a00000,0x00000081d7b00000) (1024K)]
  0x0000020e38a2cb60 JavaThread "Signal Dispatcher"          daemon [_thread_blocked, id=5732, stack(0x00000081d7b00000,0x00000081d7c00000) (1024K)]
  0x0000020e38a2d5c0 JavaThread "Attach Listener"            daemon [_thread_blocked, id=22356, stack(0x00000081d7c00000,0x00000081d7d00000) (1024K)]
  0x0000020e38a2e1d0 JavaThread "Service Thread"             daemon [_thread_blocked, id=6116, stack(0x00000081d7d00000,0x00000081d7e00000) (1024K)]
  0x0000020e38a2ec30 JavaThread "Monitor Deflation Thread"   daemon [_thread_blocked, id=9488, stack(0x00000081d7e00000,0x00000081d7f00000) (1024K)]
  0x0000020e38a309d0 JavaThread "C2 CompilerThread0"         daemon [_thread_in_native, id=16632, stack(0x00000081d7f00000,0x00000081d8000000) (1024K)]
  0x0000020e38a53d80 JavaThread "C1 CompilerThread0"         daemon [_thread_blocked, id=12660, stack(0x00000081d8000000,0x00000081d8100000) (1024K)]
  0x0000020e3b4a04b0 JavaThread "Common-Cleaner"             daemon [_thread_blocked, id=2144, stack(0x00000081d8100000,0x00000081d8200000) (1024K)]
  0x0000020e3b4fa7e0 JavaThread "Notification Thread"        daemon [_thread_blocked, id=1240, stack(0x00000081d8200000,0x00000081d8300000) (1024K)]
  0x0000020e7ddcef80 JavaThread "Daemon health stats"               [_thread_blocked, id=11008, stack(0x00000081d8800000,0x00000081d8900000) (1024K)]
  0x0000020e7de051d0 JavaThread "Incoming local TCP Connector on port 58827"        [_thread_in_native, id=14160, stack(0x00000081d8700000,0x00000081d8800000) (1024K)]
  0x0000020e7ddc82d0 JavaThread "Daemon periodic checks"            [_thread_blocked, id=17272, stack(0x00000081d8c00000,0x00000081d8d00000) (1024K)]
  0x0000020e7de21440 JavaThread "Daemon"                            [_thread_blocked, id=19796, stack(0x00000081d8e00000,0x00000081d8f00000) (1024K)]
  0x0000020e7d2b5af0 JavaThread "Handler for socket connection from /127.0.0.1:58827 to /127.0.0.1:58828"        [_thread_in_native, id=12244, stack(0x00000081d8f00000,0x00000081d9000000) (1024K)]
  0x0000020e3b5b9bb0 JavaThread "Cancel handler"                    [_thread_blocked, id=20464, stack(0x00000081d9000000,0x00000081d9100000) (1024K)]
  0x0000020e3b5cddb0 JavaThread "Daemon worker"                     [_thread_in_vm, id=16956, stack(0x00000081d9100000,0x00000081d9200000) (1024K)]
  0x0000020e3b5cbce0 JavaThread "Asynchronous log dispatcher for DefaultDaemonConnection: socket connection from /127.0.0.1:58827 to /127.0.0.1:58828"        [_thread_blocked, id=17188, stack(0x00000081d9200000,0x00000081d9300000) (1024K)]
  0x0000020e3b5ce440 JavaThread "Stdin handler"                     [_thread_blocked, id=1900, stack(0x00000081d9300000,0x00000081d9400000) (1024K)]
  0x0000020e3b5cc370 JavaThread "Daemon client event forwarder"        [_thread_blocked, id=19804, stack(0x00000081d9400000,0x00000081d9500000) (1024K)]
  0x0000020e3b5cca00 JavaThread "Cache worker for journal cache (C:\Users\HP\.gradle\caches\journal-1)"        [_thread_in_native, id=17640, stack(0x00000081d8d00000,0x00000081d8e00000) (1024K)]
  0x0000020e3b5cd720 JavaThread "File lock request listener"        [_thread_in_native, id=13364, stack(0x00000081d9500000,0x00000081d9600000) (1024K)]
  0x0000020e3b5cead0 JavaThread "Cache worker for file hash cache (C:\Users\HP\.gradle\caches\8.14\fileHashes)"        [_thread_in_native, id=12676, stack(0x00000081d9600000,0x00000081d9700000) (1024K)]
  0x0000020e3b5cf160 JavaThread "Cache worker for file hash cache (D:\BrokerViet1\BrokerViet\frontend_flutter\android\.gradle\8.14\fileHashes)"        [_thread_blocked, id=20280, stack(0x00000081d9a00000,0x00000081d9b00000) (1024K)]
  0x0000020e0475ef10 JavaThread "Cache worker for Build Output Cleanup Cache (D:\BrokerViet1\BrokerViet\frontend_flutter\android\.gradle\buildOutputCleanup)"        [_thread_blocked, id=13804, stack(0x00000081d9b00000,0x00000081d9c00000) (1024K)]
  0x0000020e0475ce40 JavaThread "File watcher server"        daemon [_thread_in_native, id=21072, stack(0x00000081d9800000,0x00000081d9900000) (1024K)]
  0x0000020e0475e880 JavaThread "File watcher consumer"      daemon [_thread_blocked, id=10068, stack(0x00000081d9c00000,0x00000081d9d00000) (1024K)]
  0x0000020e0475c120 JavaThread "Cache worker for checksums cache (D:\BrokerViet1\BrokerViet\frontend_flutter\android\.gradle\8.14\checksums)"        [_thread_blocked, id=9232, stack(0x00000081d9d00000,0x00000081d9e00000) (1024K)]
  0x0000020e0475db60 JavaThread "Cache worker for file content cache (C:\Users\HP\.gradle\caches\8.14\fileContent)"        [_thread_blocked, id=17580, stack(0x00000081d9e00000,0x00000081d9f00000) (1024K)]
  0x0000020e0475fc30 JavaThread "Cache worker for cache directory md-supplier (C:\Users\HP\.gradle\caches\8.14\md-supplier)"        [_thread_blocked, id=17108, stack(0x00000081d9f00000,0x00000081da000000) (1024K)]
  0x0000020e0475c7b0 JavaThread "Cache worker for cache directory md-rule (C:\Users\HP\.gradle\caches\8.14\md-rule)"        [_thread_blocked, id=15572, stack(0x00000081da000000,0x00000081da100000) (1024K)]
  0x0000020e04763740 JavaThread "Cache worker for Build Output Cleanup Cache (D:\Flutter\flutter\packages\flutter_tools\gradle\.gradle\buildOutputCleanup)"        [_thread_blocked, id=14772, stack(0x00000081da200000,0x00000081da300000) (1024K)]
  0x0000020e047602c0 JavaThread "Unconstrained build operations"        [_thread_blocked, id=13736, stack(0x00000081da100000,0x00000081da200000) (1024K)]
  0x0000020e04762390 JavaThread "Unconstrained build operations Thread 2"        [_thread_blocked, id=11212, stack(0x00000081da300000,0x00000081da400000) (1024K)]
  0x0000020e04762a20 JavaThread "Unconstrained build operations Thread 3"        [_thread_blocked, id=20084, stack(0x00000081da400000,0x00000081da500000) (1024K)]
  0x0000020e04760fe0 JavaThread "Unconstrained build operations Thread 4"        [_thread_blocked, id=13464, stack(0x00000081da500000,0x00000081da600000) (1024K)]
  0x0000020e05416ff0 JavaThread "Unconstrained build operations Thread 5"        [_thread_blocked, id=23060, stack(0x00000081da600000,0x00000081da700000) (1024K)]
  0x0000020e0541a470 JavaThread "Unconstrained build operations Thread 6"        [_thread_blocked, id=9104, stack(0x00000081da700000,0x00000081da800000) (1024K)]
  0x0000020e05417d10 JavaThread "Unconstrained build operations Thread 7"        [_thread_blocked, id=9652, stack(0x00000081da800000,0x00000081da900000) (1024K)]
  0x0000020e054183a0 JavaThread "Unconstrained build operations Thread 8"        [_thread_blocked, id=22648, stack(0x00000081da900000,0x00000081daa00000) (1024K)]
  0x0000020e05419de0 JavaThread "Unconstrained build operations Thread 9"        [_thread_blocked, id=17952, stack(0x00000081daa00000,0x00000081dab00000) (1024K)]
  0x0000020e0541ab00 JavaThread "Unconstrained build operations Thread 10"        [_thread_blocked, id=20528, stack(0x00000081dab00000,0x00000081dac00000) (1024K)]
  0x0000020e05417680 JavaThread "Unconstrained build operations Thread 11"        [_thread_blocked, id=17936, stack(0x00000081dac00000,0x00000081dad00000) (1024K)]
  0x0000020e05419750 JavaThread "Unconstrained build operations Thread 12"        [_thread_blocked, id=2884, stack(0x00000081dad00000,0x00000081dae00000) (1024K)]
  0x0000020e0541b190 JavaThread "Unconstrained build operations Thread 13"        [_thread_blocked, id=9720, stack(0x00000081dae00000,0x00000081daf00000) (1024K)]
  0x0000020e0541b820 JavaThread "Unconstrained build operations Thread 14"        [_thread_blocked, id=21336, stack(0x00000081daf00000,0x00000081db000000) (1024K)]
  0x0000020e05418a30 JavaThread "Unconstrained build operations Thread 15"        [_thread_blocked, id=17176, stack(0x00000081db000000,0x00000081db100000) (1024K)]
  0x0000020e0541c540 JavaThread "Unconstrained build operations Thread 16"        [_thread_blocked, id=20972, stack(0x00000081db100000,0x00000081db200000) (1024K)]
  0x0000020e054190c0 JavaThread "Unconstrained build operations Thread 17"        [_thread_blocked, id=14728, stack(0x00000081db200000,0x00000081db300000) (1024K)]
  0x0000020e0541cbd0 JavaThread "Unconstrained build operations Thread 18"        [_thread_blocked, id=23104, stack(0x00000081db300000,0x00000081db400000) (1024K)]
  0x0000020e0541d260 JavaThread "Unconstrained build operations Thread 19"        [_thread_blocked, id=10916, stack(0x00000081db400000,0x00000081db500000) (1024K)]
  0x0000020e0541d8f0 JavaThread "Unconstrained build operations Thread 20"        [_thread_blocked, id=19544, stack(0x00000081db500000,0x00000081db600000) (1024K)]
  0x0000020e0541df80 JavaThread "Unconstrained build operations Thread 21"        [_thread_blocked, id=5540, stack(0x00000081db600000,0x00000081db700000) (1024K)]
  0x0000020e0541e610 JavaThread "Memory manager"                    [_thread_blocked, id=16916, stack(0x00000081db700000,0x00000081db800000) (1024K)]
  0x0000020e04e44940 JavaThread "build event listener"              [_thread_blocked, id=1340, stack(0x00000081d9700000,0x00000081d9800000) (1024K)]
=>0x0000020e05cb2870 JavaThread "C2 CompilerThread1"         daemon [_thread_in_native, id=18152, stack(0x00000081db800000,0x00000081db900000) (1024K)]
  0x0000020e04e44fd0 JavaThread "included builds"                   [_thread_blocked, id=22232, stack(0x00000081db900000,0x00000081dba00000) (1024K)]
  0x0000020e04e48ae0 JavaThread "Execution worker"                  [_thread_blocked, id=5384, stack(0x00000081dba00000,0x00000081dbb00000) (1024K)]
  0x0000020e04e46380 JavaThread "Execution worker Thread 2"         [_thread_blocked, id=4732, stack(0x00000081dbb00000,0x00000081dbc00000) (1024K)]
  0x0000020e04e47730 JavaThread "Execution worker Thread 3"         [_thread_blocked, id=15452, stack(0x00000081dbc00000,0x00000081dbd00000) (1024K)]
  0x0000020e04e45660 JavaThread "Execution worker Thread 4"         [_thread_blocked, id=13888, stack(0x00000081dbd00000,0x00000081dbe00000) (1024K)]
  0x0000020e047630b0 JavaThread "Execution worker Thread 5"         [_thread_blocked, id=23156, stack(0x00000081dbe00000,0x00000081dbf00000) (1024K)]
  0x0000020e07957640 JavaThread "Execution worker Thread 6"         [_thread_blocked, id=7424, stack(0x00000081dbf00000,0x00000081dc000000) (1024K)]
  0x0000020e07956fb0 JavaThread "Execution worker Thread 7"         [_thread_blocked, id=23140, stack(0x00000081dc000000,0x00000081dc100000) (1024K)]
  0x0000020e0795b150 JavaThread "Cache worker for execution history cache (D:\Flutter\flutter\packages\flutter_tools\gradle\.gradle\8.14\executionHistory)"        [_thread_blocked, id=20492, stack(0x00000081dc100000,0x00000081dc200000) (1024K)]
  0x0000020e07959710 JavaThread "Unconstrained build operations Thread 22"        [_thread_blocked, id=19100, stack(0x00000081dc200000,0x00000081dc300000) (1024K)]
  0x0000020e07957cd0 JavaThread "Unconstrained build operations Thread 23"        [_thread_blocked, id=11004, stack(0x00000081dc300000,0x00000081dc400000) (1024K)]
  0x0000020e07959080 JavaThread "Unconstrained build operations Thread 24"        [_thread_blocked, id=16904, stack(0x00000081dc400000,0x00000081dc500000) (1024K)]
  0x0000020e0795b7e0 JavaThread "Unconstrained build operations Thread 25"        [_thread_blocked, id=12972, stack(0x00000081dc500000,0x00000081dc600000) (1024K)]
  0x0000020e07959da0 JavaThread "Unconstrained build operations Thread 26"        [_thread_blocked, id=22872, stack(0x00000081dc600000,0x00000081dc700000) (1024K)]
  0x0000020e07958360 JavaThread "Unconstrained build operations Thread 27"        [_thread_blocked, id=204, stack(0x00000081dc700000,0x00000081dc800000) (1024K)]
  0x0000020e0795be70 JavaThread "Unconstrained build operations Thread 28"        [_thread_blocked, id=2620, stack(0x00000081dc800000,0x00000081dc900000) (1024K)]
  0x0000020e079589f0 JavaThread "Unconstrained build operations Thread 29"        [_thread_blocked, id=10276, stack(0x00000081dc900000,0x00000081dca00000) (1024K)]
  0x0000020e0795c500 JavaThread "Unconstrained build operations Thread 30"        [_thread_blocked, id=11444, stack(0x00000081dca00000,0x00000081dcb00000) (1024K)]
  0x0000020e0795cb90 JavaThread "Unconstrained build operations Thread 31"        [_thread_blocked, id=21704, stack(0x00000081dcb00000,0x00000081dcc00000) (1024K)]
  0x0000020e0795d220 JavaThread "Unconstrained build operations Thread 32"        [_thread_blocked, id=13844, stack(0x00000081dcc00000,0x00000081dcd00000) (1024K)]
  0x0000020e0795aac0 JavaThread "Unconstrained build operations Thread 33"        [_thread_blocked, id=19204, stack(0x00000081dcd00000,0x00000081dce00000) (1024K)]
  0x0000020e0795d8b0 JavaThread "Unconstrained build operations Thread 34"        [_thread_blocked, id=1816, stack(0x00000081dce00000,0x00000081dcf00000) (1024K)]
  0x0000020e0795a430 JavaThread "Unconstrained build operations Thread 35"        [_thread_blocked, id=20524, stack(0x00000081dcf00000,0x00000081dd000000) (1024K)]
  0x0000020e0795e5d0 JavaThread "Unconstrained build operations Thread 36"        [_thread_blocked, id=10136, stack(0x00000081dd000000,0x00000081dd100000) (1024K)]
  0x0000020e0795df40 JavaThread "Unconstrained build operations Thread 37"        [_thread_blocked, id=17404, stack(0x00000081dd100000,0x00000081dd200000) (1024K)]
  0x0000020e0751c580 JavaThread "Unconstrained build operations Thread 38"        [_thread_blocked, id=9768, stack(0x00000081dd200000,0x00000081dd300000) (1024K)]
  0x0000020e0751b1d0 JavaThread "Unconstrained build operations Thread 39"        [_thread_blocked, id=2140, stack(0x00000081dd300000,0x00000081dd400000) (1024K)]
  0x0000020e0751cc10 JavaThread "Unconstrained build operations Thread 40"        [_thread_blocked, id=8964, stack(0x00000081dd400000,0x00000081dd500000) (1024K)]
  0x0000020e0751ab40 JavaThread "Unconstrained build operations Thread 41"        [_thread_blocked, id=10944, stack(0x00000081dd500000,0x00000081dd600000) (1024K)]
  0x0000020e0751b860 JavaThread "Unconstrained build operations Thread 42"        [_thread_blocked, id=21268, stack(0x00000081dd600000,0x00000081dd700000) (1024K)]
  0x0000020e07519e20 JavaThread "Unconstrained build operations Thread 43"        [_thread_blocked, id=14432, stack(0x00000081dd700000,0x00000081dd800000) (1024K)]
  0x0000020e07519790 JavaThread "Unconstrained build operations Thread 44"        [_thread_blocked, id=17848, stack(0x00000081dd800000,0x00000081dd900000) (1024K)]
  0x0000020e0751d930 JavaThread "Unconstrained build operations Thread 45"        [_thread_blocked, id=15180, stack(0x00000081dd900000,0x00000081dda00000) (1024K)]
  0x0000020e0751d2a0 JavaThread "Unconstrained build operations Thread 46"        [_thread_blocked, id=17008, stack(0x00000081dda00000,0x00000081ddb00000) (1024K)]
  0x0000020e0751a4b0 JavaThread "Unconstrained build operations Thread 47"        [_thread_blocked, id=6752, stack(0x00000081ddb00000,0x00000081ddc00000) (1024K)]
  0x0000020e0751dfc0 JavaThread "Unconstrained build operations Thread 48"        [_thread_blocked, id=13952, stack(0x00000081ddc00000,0x00000081ddd00000) (1024K)]
  0x0000020e07520db0 JavaThread "Unconstrained build operations Thread 49"        [_thread_blocked, id=5224, stack(0x00000081ddd00000,0x00000081dde00000) (1024K)]
  0x0000020e0751e650 JavaThread "Unconstrained build operations Thread 50"        [_thread_blocked, id=10236, stack(0x00000081dde00000,0x00000081ddf00000) (1024K)]
  0x0000020e07520720 JavaThread "Unconstrained build operations Thread 51"        [_thread_blocked, id=23108, stack(0x00000081ddf00000,0x00000081de000000) (1024K)]
  0x0000020e0751ece0 JavaThread "Unconstrained build operations Thread 52"        [_thread_blocked, id=13056, stack(0x00000081de000000,0x00000081de100000) (1024K)]
  0x0000020e0751fa00 JavaThread "Unconstrained build operations Thread 53"        [_thread_blocked, id=17288, stack(0x00000081de100000,0x00000081de200000) (1024K)]
  0x0000020e0751f370 JavaThread "Unconstrained build operations Thread 54"        [_thread_blocked, id=12960, stack(0x00000081de200000,0x00000081de300000) (1024K)]
  0x0000020e07520090 JavaThread "Unconstrained build operations Thread 55"        [_thread_blocked, id=21136, stack(0x00000081de300000,0x00000081de400000) (1024K)]
  0x0000020e073d1f40 JavaThread "Unconstrained build operations Thread 56"        [_thread_in_native, id=21700, stack(0x00000081de400000,0x00000081de500000) (1024K)]
  0x0000020e073d0500 JavaThread "Unconstrained build operations Thread 57"        [_thread_blocked, id=22884, stack(0x00000081de500000,0x00000081de600000) (1024K)]
  0x0000020e073d0b90 JavaThread "Unconstrained build operations Thread 58"        [_thread_blocked, id=20752, stack(0x00000081de600000,0x00000081de700000) (1024K)]
Total: 103

Other Threads:
  0x0000020e38a08540 VMThread "VM Thread"                           [id=10164, stack(0x00000081d7800000,0x00000081d7900000) (1024K)]
  0x0000020e389f6710 WatcherThread "VM Periodic Task Thread"        [id=8644, stack(0x00000081d7700000,0x00000081d7800000) (1024K)]
  0x0000020e0b1d04d0 WorkerThread "GC Thread#0"                     [id=19168, stack(0x00000081d7200000,0x00000081d7300000) (1024K)]
  0x0000020e38a09050 WorkerThread "GC Thread#1"                     [id=12792, stack(0x00000081d8400000,0x00000081d8500000) (1024K)]
  0x0000020e38a08ca0 WorkerThread "GC Thread#2"                     [id=14556, stack(0x00000081d8500000,0x00000081d8600000) (1024K)]
  0x0000020e38a097b0 WorkerThread "GC Thread#3"                     [id=18976, stack(0x00000081d8300000,0x00000081d8400000) (1024K)]
  0x0000020e38a09b60 WorkerThread "GC Thread#4"                     [id=3092, stack(0x00000081d8600000,0x00000081d8700000) (1024K)]
  0x0000020e7d28bbf0 WorkerThread "GC Thread#5"                     [id=11392, stack(0x00000081d8900000,0x00000081d8a00000) (1024K)]
  0x0000020e7d28ce60 WorkerThread "GC Thread#6"                     [id=20736, stack(0x00000081d8a00000,0x00000081d8b00000) (1024K)]
  0x0000020e7d28c700 WorkerThread "GC Thread#7"                     [id=14064, stack(0x00000081d8b00000,0x00000081d8c00000) (1024K)]
  0x0000020e08e5dfe0 ConcurrentGCThread "G1 Main Marker"            [id=1140, stack(0x00000081d7300000,0x00000081d7400000) (1024K)]
  0x0000020e38881160 WorkerThread "G1 Conc#0"                       [id=22632, stack(0x00000081d7400000,0x00000081d7500000) (1024K)]
  0x0000020e047445f0 WorkerThread "G1 Conc#1"                       [id=13164, stack(0x00000081d9900000,0x00000081d9a00000) (1024K)]
  0x0000020e388c8510 ConcurrentGCThread "G1 Refine#0"               [id=1416, stack(0x00000081d7500000,0x00000081d7600000) (1024K)]
  0x0000020e388c9e50 ConcurrentGCThread "G1 Service"                [id=17128, stack(0x00000081d7600000,0x00000081d7700000) (1024K)]
Total: 15

Threads with active compile tasks:
C2 CompilerThread0  40747 9575       4       org.gradle.cache.internal.btree.CachingBlockStore::read (56 bytes)
C2 CompilerThread1  40747 9576       4       org.gradle.cache.internal.btree.StateCheckBlockStore::read (33 bytes)
Total: 2

VM state: not at safepoint (normal execution)

VM Mutex/Monitor currently owned by a thread: None

Heap address: 0x0000000600000000, size: 8192 MB, Compressed Oops mode: Zero based, Oop shift amount: 3

CDS archive(s) mapped at: [0x0000020e3c000000-0x0000020e3cba0000-0x0000020e3cba0000), size 12189696, SharedBaseAddress: 0x0000020e3c000000, ArchiveRelocationMode: 1.
Compressed class space mapped at: 0x0000020e3d000000-0x0000020e7d000000, reserved size: 1073741824
Narrow klass base: 0x0000020e3c000000, Narrow klass shift: 0, Narrow klass range: 0x100000000

GC Precious Log:
 CardTable entry size: 512
 Card Set container configuration: InlinePtr #cards 4 size 8 Array Of Cards #cards 32 size 80 Howl #buckets 8 coarsen threshold 7372 Howl Bitmap #cards 1024 size 144 coarsen threshold 921 Card regions per heap region 1 cards per card region 8192
 CPUs: 8 total, 8 available
 Memory: 7998M
 Large Page Support: Disabled
 NUMA Support: Disabled
 Compressed Oops: Enabled (Zero based)
 Heap Region Size: 4M
 Heap Min Capacity: 8M
 Heap Initial Capacity: 128M
 Heap Max Capacity: 8G
 Pre-touch: Disabled
 Parallel Workers: 8
 Concurrent Workers: 2
 Concurrent Refinement Workers: 8
 Periodic GC: Disabled

Heap:
 garbage-first heap   total 114688K, used 77968K [0x0000000600000000, 0x0000000800000000)
  region size 4096K, 6 young (24576K), 2 survivors (8192K)
 Metaspace       used 72593K, committed 74688K, reserved 1114112K
  class space    used 10714K, committed 11776K, reserved 1048576K

Heap Regions: E=young(eden), S=young(survivor), O=old, HS=humongous(starts), HC=humongous(continues), CS=collection set, F=free, TAMS=top-at-mark-start, PB=parsable bottom
|   0|0x0000000600000000, 0x0000000600400000, 0x0000000600400000|100%|HS|  |TAMS 0x0000000600000000| PB 0x0000000600000000| Complete 
|   1|0x0000000600400000, 0x0000000600800000, 0x0000000600800000|100%| O|  |TAMS 0x0000000600400000| PB 0x0000000600400000| Untracked 
|   2|0x0000000600800000, 0x0000000600c00000, 0x0000000600c00000|100%| O|  |TAMS 0x0000000600800000| PB 0x0000000600800000| Untracked 
|   3|0x0000000600c00000, 0x0000000601000000, 0x0000000601000000|100%| O|  |TAMS 0x0000000600c00000| PB 0x0000000600c00000| Untracked 
|   4|0x0000000601000000, 0x0000000601400000, 0x0000000601400000|100%| O|  |TAMS 0x0000000601000000| PB 0x0000000601000000| Untracked 
|   5|0x0000000601400000, 0x0000000601800000, 0x0000000601800000|100%| O|  |TAMS 0x0000000601400000| PB 0x0000000601400000| Untracked 
|   6|0x0000000601800000, 0x0000000601c00000, 0x0000000601c00000|100%| O|  |TAMS 0x0000000601800000| PB 0x0000000601800000| Untracked 
|   7|0x0000000601c00000, 0x0000000602000000, 0x0000000602000000|100%| O|  |TAMS 0x0000000601c00000| PB 0x0000000601c00000| Untracked 
|   8|0x0000000602000000, 0x0000000602400000, 0x0000000602400000|100%| O|  |TAMS 0x0000000602000000| PB 0x0000000602000000| Untracked 
|   9|0x0000000602400000, 0x0000000602800000, 0x0000000602800000|100%| O|  |TAMS 0x0000000602400000| PB 0x0000000602400000| Untracked 
|  10|0x0000000602800000, 0x0000000602c00000, 0x0000000602c00000|100%| O|  |TAMS 0x0000000602800000| PB 0x0000000602800000| Untracked 
|  11|0x0000000602c00000, 0x0000000603000000, 0x0000000603000000|100%| O|  |TAMS 0x0000000602c00000| PB 0x0000000602c00000| Untracked 
|  12|0x0000000603000000, 0x0000000603400000, 0x0000000603400000|100%| O|  |TAMS 0x0000000603000000| PB 0x0000000603000000| Untracked 
|  13|0x0000000603400000, 0x0000000603800000, 0x0000000603800000|100%| O|  |TAMS 0x0000000603400000| PB 0x0000000603400000| Untracked 
|  14|0x0000000603800000, 0x0000000603824218, 0x0000000603c00000|  3%| O|  |TAMS 0x0000000603800000| PB 0x0000000603800000| Untracked 
|  15|0x0000000603c00000, 0x0000000603c00000, 0x0000000604000000|  0%| F|  |TAMS 0x0000000603c00000| PB 0x0000000603c00000| Untracked 
|  16|0x0000000604000000, 0x0000000604400000, 0x0000000604400000|100%| S|CS|TAMS 0x0000000604000000| PB 0x0000000604000000| Complete 
|  17|0x0000000604400000, 0x0000000604800000, 0x0000000604800000|100%| S|CS|TAMS 0x0000000604400000| PB 0x0000000604400000| Complete 
|  18|0x0000000604800000, 0x0000000604800000, 0x0000000604c00000|  0%| F|  |TAMS 0x0000000604800000| PB 0x0000000604800000| Untracked 
|  19|0x0000000604c00000, 0x0000000604c00000, 0x0000000605000000|  0%| F|  |TAMS 0x0000000604c00000| PB 0x0000000604c00000| Untracked 
|  20|0x0000000605000000, 0x0000000605000000, 0x0000000605400000|  0%| F|  |TAMS 0x0000000605000000| PB 0x0000000605000000| Untracked 
|  21|0x0000000605400000, 0x0000000605400000, 0x0000000605800000|  0%| F|  |TAMS 0x0000000605400000| PB 0x0000000605400000| Untracked 
|  22|0x0000000605800000, 0x0000000605800000, 0x0000000605c00000|  0%| F|  |TAMS 0x0000000605800000| PB 0x0000000605800000| Untracked 
|  23|0x0000000605c00000, 0x0000000605c00000, 0x0000000606000000|  0%| F|  |TAMS 0x0000000605c00000| PB 0x0000000605c00000| Untracked 
|  25|0x0000000606400000, 0x00000006064c48d0, 0x0000000606800000| 19%| E|  |TAMS 0x0000000606400000| PB 0x0000000606400000| Complete 
|  26|0x0000000606800000, 0x0000000606c00000, 0x0000000606c00000|100%| E|CS|TAMS 0x0000000606800000| PB 0x0000000606800000| Complete 
|  31|0x0000000607c00000, 0x0000000608000000, 0x0000000608000000|100%| E|CS|TAMS 0x0000000607c00000| PB 0x0000000607c00000| Complete 
|2047|0x00000007ffc00000, 0x0000000800000000, 0x0000000800000000|100%| E|CS|TAMS 0x00000007ffc00000| PB 0x00000007ffc00000| Complete 

Card table byte_map: [0x0000020e2f870000,0x0000020e30870000] _byte_map_base: 0x0000020e2c870000

Marking Bits: (CMBitMap*) 0x0000020e0b1d0af0
 Bits: [0x0000020e30870000, 0x0000020e38870000)

Polling page: 0x0000020e09060000

Metaspace:

Usage:
  Non-class:     60.43 MB used.
      Class:     10.46 MB used.
       Both:     70.89 MB used.

Virtual space:
  Non-class space:       64.00 MB reserved,      61.44 MB ( 96%) committed,  1 nodes.
      Class space:        1.00 GB reserved,      11.50 MB (  1%) committed,  1 nodes.
             Both:        1.06 GB reserved,      72.94 MB (  7%) committed. 

Chunk freelists:
   Non-Class:  2.33 MB
       Class:  4.34 MB
        Both:  6.67 MB

MaxMetaspaceSize: 4.00 GB
CompressedClassSpaceSize: 1.00 GB
Initial GC threshold: 21.00 MB
Current GC threshold: 112.62 MB
CDS: on
 - commit_granule_bytes: 65536.
 - commit_granule_words: 8192.
 - virtual_space_node_default_size: 8388608.
 - enlarge_chunks_in_place: 1.
 - use_allocation_guard: 0.


Internal statistics:

num_allocs_failed_limit: 12.
num_arena_births: 3790.
num_arena_deaths: 2.
num_vsnodes_births: 2.
num_vsnodes_deaths: 0.
num_space_committed: 1167.
num_space_uncommitted: 0.
num_chunks_returned_to_freelist: 15.
num_chunks_taken_from_freelist: 7347.
num_chunk_merges: 6.
num_chunk_splits: 4718.
num_chunks_enlarged: 2854.
num_inconsistent_stats: 0.

CodeHeap 'non-profiled nmethods': size=259264Kb used=4938Kb max_used=4938Kb free=254325Kb
 bounds [0x0000020e1e5f0000, 0x0000020e1ead0000, 0x0000020e2e320000]
CodeHeap 'profiled nmethods': size=259264Kb used=15855Kb max_used=15855Kb free=243408Kb
 bounds [0x0000020e0e320000, 0x0000020e0f2a0000, 0x0000020e1e050000]
CodeHeap 'non-nmethods': size=5760Kb used=1937Kb max_used=2030Kb free=3822Kb
 bounds [0x0000020e1e050000, 0x0000020e1e2c0000, 0x0000020e1e5f0000]
CodeCache: size=524288Kb, used=22730Kb, max_used=22823Kb, free=501555Kb
 total_blobs=9339, nmethods=8538, adapters=705, full_count=0
Compilation: enabled, stopped_count=0, restarted_count=0

Compilation events (20 events):
Event: 40.393 Thread 0x0000020e38a53d80 9652   !   3       org.gradle.api.internal.artifacts.ivyservice.ivyresolve.ErrorHandlingArtifactResolver::resolveArtifact (39 bytes)
Event: 40.393 Thread 0x0000020e38a53d80 nmethod 9652 0x0000020e0f27ba10 code [0x0000020e0f27bc00, 0x0000020e0f27c1a8]
Event: 40.393 Thread 0x0000020e38a53d80 9649       1       org.gradle.api.internal.artifacts.ivyservice.resolveengine.artifact.ArtifactBackedResolvedVariant::getCapabilities (5 bytes)
Event: 40.393 Thread 0x0000020e38a53d80 nmethod 9649 0x0000020e1eac1c10 code [0x0000020e1eac1da0, 0x0000020e1eac1e70]
Event: 40.396 Thread 0x0000020e38a53d80 9653       3       org.gradle.api.internal.artifacts.transform.AbstractTransformedArtifactSet::lambda$new$0 (22 bytes)
Event: 40.396 Thread 0x0000020e38a53d80 nmethod 9653 0x0000020e0f27c410 code [0x0000020e0f27c5e0, 0x0000020e0f27c9f0]
Event: 40.396 Thread 0x0000020e38a53d80 9654       3       org.gradle.api.internal.artifacts.transform.TransformationChainSelector::selectTransformationChain (81 bytes)
Event: 40.397 Thread 0x0000020e38a53d80 nmethod 9654 0x0000020e0f27cb90 code [0x0000020e0f27ce20, 0x0000020e0f27d9d8]
Event: 40.397 Thread 0x0000020e38a53d80 9656       3       org.gradle.internal.model.CalculatedValueContainerFactory::create (18 bytes)
Event: 40.398 Thread 0x0000020e38a53d80 nmethod 9656 0x0000020e0f27de10 code [0x0000020e0f27dfc0, 0x0000020e0f27e178]
Event: 40.398 Thread 0x0000020e38a53d80 9655       3       java.util.BitSet::clear (70 bytes)
Event: 40.398 Thread 0x0000020e38a53d80 nmethod 9655 0x0000020e0f27e290 code [0x0000020e0f27e500, 0x0000020e0f27ecd0]
Event: 40.398 Thread 0x0000020e38a53d80 9657       3       org.gradle.api.internal.artifacts.ivyservice.resolveengine.artifact.VariantResolvingArtifactSet::getOwnArtifacts (79 bytes)
Event: 40.400 Thread 0x0000020e38a53d80 nmethod 9657 0x0000020e0f27f010 code [0x0000020e0f27f2a0, 0x0000020e0f27fe08]
Event: 40.400 Thread 0x0000020e38a53d80 9658       3       org.gradle.api.internal.artifacts.transform.AbstractTransformedArtifactSet::<init> (59 bytes)
Event: 40.402 Thread 0x0000020e38a53d80 nmethod 9658 0x0000020e0f280290 code [0x0000020e0f2805c0, 0x0000020e0f281d18]
Event: 40.402 Thread 0x0000020e38a53d80 9659       3       org.gradle.api.internal.artifacts.transform.AbstractTransformedArtifactSet$$Lambda/0x0000020e3d7c0938::<init> (20 bytes)
Event: 40.402 Thread 0x0000020e38a53d80 nmethod 9659 0x0000020e0f282510 code [0x0000020e0f2826c0, 0x0000020e0f282958]
Event: 40.414 Thread 0x0000020e38a53d80 9660       1       org.gradle.internal.operations.OperationIdentifier::getId (5 bytes)
Event: 40.414 Thread 0x0000020e38a53d80 nmethod 9660 0x0000020e1eac1f10 code [0x0000020e1eac20a0, 0x0000020e1eac2168]

GC Heap History (20 events):
Event: 16.577 GC heap before
{Heap before GC invocations=10 (full 0):
 garbage-first heap   total 110592K, used 93116K [0x0000000600000000, 0x0000000800000000)
  region size 4096K, 16 young (65536K), 1 survivors (4096K)
 Metaspace       used 41838K, committed 43392K, reserved 1114112K
  class space    used 6089K, committed 6848K, reserved 1048576K
}
Event: 16.585 GC heap after
{Heap after GC invocations=11 (full 0):
 garbage-first heap   total 110592K, used 35269K [0x0000000600000000, 0x0000000800000000)
  region size 4096K, 2 young (8192K), 2 survivors (8192K)
 Metaspace       used 41838K, committed 43392K, reserved 1114112K
  class space    used 6089K, committed 6848K, reserved 1048576K
}
Event: 18.220 GC heap before
{Heap before GC invocations=11 (full 0):
 garbage-first heap   total 110592K, used 92613K [0x0000000600000000, 0x0000000800000000)
  region size 4096K, 16 young (65536K), 2 survivors (8192K)
 Metaspace       used 45525K, committed 47168K, reserved 1114112K
  class space    used 6742K, committed 7552K, reserved 1048576K
}
Event: 18.231 GC heap after
{Heap after GC invocations=12 (full 0):
 garbage-first heap   total 110592K, used 37845K [0x0000000600000000, 0x0000000800000000)
  region size 4096K, 2 young (8192K), 2 survivors (8192K)
 Metaspace       used 45525K, committed 47168K, reserved 1114112K
  class space    used 6742K, committed 7552K, reserved 1048576K
}
Event: 19.864 GC heap before
{Heap before GC invocations=12 (full 0):
 garbage-first heap   total 110592K, used 95189K [0x0000000600000000, 0x0000000800000000)
  region size 4096K, 16 young (65536K), 2 survivors (8192K)
 Metaspace       used 49234K, committed 50944K, reserved 1114112K
  class space    used 7281K, committed 8128K, reserved 1048576K
}
Event: 19.875 GC heap after
{Heap after GC invocations=13 (full 0):
 garbage-first heap   total 110592K, used 42637K [0x0000000600000000, 0x0000000800000000)
  region size 4096K, 2 young (8192K), 2 survivors (8192K)
 Metaspace       used 49234K, committed 50944K, reserved 1114112K
  class space    used 7281K, committed 8128K, reserved 1048576K
}
Event: 22.247 GC heap before
{Heap before GC invocations=13 (full 0):
 garbage-first heap   total 110592K, used 91789K [0x0000000600000000, 0x0000000800000000)
  region size 4096K, 15 young (61440K), 2 survivors (8192K)
 Metaspace       used 53734K, committed 55680K, reserved 1114112K
  class space    used 8004K, committed 8960K, reserved 1048576K
}
Event: 22.263 GC heap after
{Heap after GC invocations=14 (full 0):
 garbage-first heap   total 114688K, used 50554K [0x0000000600000000, 0x0000000800000000)
  region size 4096K, 2 young (8192K), 2 survivors (8192K)
 Metaspace       used 53734K, committed 55680K, reserved 1114112K
  class space    used 8004K, committed 8960K, reserved 1048576K
}
Event: 24.227 GC heap before
{Heap before GC invocations=14 (full 0):
 garbage-first heap   total 114688K, used 87418K [0x0000000600000000, 0x0000000800000000)
  region size 4096K, 12 young (49152K), 2 survivors (8192K)
 Metaspace       used 58234K, committed 60096K, reserved 1114112K
  class space    used 8588K, committed 9536K, reserved 1048576K
}
Event: 24.237 GC heap after
{Heap after GC invocations=15 (full 0):
 garbage-first heap   total 114688K, used 52315K [0x0000000600000000, 0x0000000800000000)
  region size 4096K, 1 young (4096K), 1 survivors (4096K)
 Metaspace       used 58234K, committed 60096K, reserved 1114112K
  class space    used 8588K, committed 9536K, reserved 1048576K
}
Event: 26.150 GC heap before
{Heap before GC invocations=16 (full 0):
 garbage-first heap   total 114688K, used 97371K [0x0000000600000000, 0x0000000800000000)
  region size 4096K, 12 young (49152K), 1 survivors (4096K)
 Metaspace       used 61971K, committed 63936K, reserved 1114112K
  class space    used 9135K, committed 10112K, reserved 1048576K
}
Event: 26.156 GC heap after
{Heap after GC invocations=17 (full 0):
 garbage-first heap   total 114688K, used 53971K [0x0000000600000000, 0x0000000800000000)
  region size 4096K, 1 young (4096K), 1 survivors (4096K)
 Metaspace       used 61971K, committed 63936K, reserved 1114112K
  class space    used 9135K, committed 10112K, reserved 1048576K
}
Event: 27.382 GC heap before
{Heap before GC invocations=17 (full 0):
 garbage-first heap   total 114688K, used 99027K [0x0000000600000000, 0x0000000800000000)
  region size 4096K, 12 young (49152K), 1 survivors (4096K)
 Metaspace       used 64914K, committed 66880K, reserved 1114112K
  class space    used 9542K, committed 10496K, reserved 1048576K
}
Event: 27.394 GC heap after
{Heap after GC invocations=18 (full 0):
 garbage-first heap   total 114688K, used 54875K [0x0000000600000000, 0x0000000800000000)
  region size 4096K, 2 young (8192K), 2 survivors (8192K)
 Metaspace       used 64914K, committed 66880K, reserved 1114112K
  class space    used 9542K, committed 10496K, reserved 1048576K
}
Event: 33.277 GC heap before
{Heap before GC invocations=18 (full 0):
 garbage-first heap   total 114688K, used 95835K [0x0000000600000000, 0x0000000800000000)
  region size 4096K, 12 young (49152K), 2 survivors (8192K)
 Metaspace       used 67112K, committed 69056K, reserved 1114112K
  class space    used 9846K, committed 10816K, reserved 1048576K
}
Event: 33.290 GC heap after
{Heap after GC invocations=19 (full 0):
 garbage-first heap   total 114688K, used 59426K [0x0000000600000000, 0x0000000800000000)
  region size 4096K, 2 young (8192K), 2 survivors (8192K)
 Metaspace       used 67112K, committed 69056K, reserved 1114112K
  class space    used 9846K, committed 10816K, reserved 1048576K
}
Event: 38.230 GC heap before
{Heap before GC invocations=20 (full 0):
 garbage-first heap   total 114688K, used 100386K [0x0000000600000000, 0x0000000800000000)
  region size 4096K, 12 young (49152K), 2 survivors (8192K)
 Metaspace       used 70218K, committed 72192K, reserved 1114112K
  class space    used 10353K, committed 11328K, reserved 1048576K
}
Event: 38.246 GC heap after
{Heap after GC invocations=21 (full 0):
 garbage-first heap   total 114688K, used 62349K [0x0000000600000000, 0x0000000800000000)
  region size 4096K, 1 young (4096K), 1 survivors (4096K)
 Metaspace       used 70218K, committed 72192K, reserved 1114112K
  class space    used 10353K, committed 11328K, reserved 1048576K
}
Event: 39.928 GC heap before
{Heap before GC invocations=21 (full 0):
 garbage-first heap   total 114688K, used 99213K [0x0000000600000000, 0x0000000800000000)
  region size 4096K, 10 young (40960K), 1 survivors (4096K)
 Metaspace       used 72326K, committed 74432K, reserved 1114112K
  class space    used 10703K, committed 11776K, reserved 1048576K
}
Event: 39.944 GC heap after
{Heap after GC invocations=22 (full 0):
 garbage-first heap   total 114688K, used 65680K [0x0000000600000000, 0x0000000800000000)
  region size 4096K, 2 young (8192K), 2 survivors (8192K)
 Metaspace       used 72326K, committed 74432K, reserved 1114112K
  class space    used 10703K, committed 11776K, reserved 1048576K
}

Dll operation events (14 events):
Event: 0.027 Loaded shared library C:\Users\HP\.vscode\extensions\redhat.java-1.55.0-win32-x64\jre\21.0.11-win32-x86_64\bin\java.dll
Event: 0.336 Loaded shared library C:\Users\HP\.vscode\extensions\redhat.java-1.55.0-win32-x64\jre\21.0.11-win32-x86_64\bin\zip.dll
Event: 0.400 Loaded shared library C:\Users\HP\.vscode\extensions\redhat.java-1.55.0-win32-x64\jre\21.0.11-win32-x86_64\bin\instrument.dll
Event: 0.412 Loaded shared library C:\Users\HP\.vscode\extensions\redhat.java-1.55.0-win32-x64\jre\21.0.11-win32-x86_64\bin\net.dll
Event: 0.445 Loaded shared library C:\Users\HP\.vscode\extensions\redhat.java-1.55.0-win32-x64\jre\21.0.11-win32-x86_64\bin\nio.dll
Event: 0.453 Loaded shared library C:\Users\HP\.vscode\extensions\redhat.java-1.55.0-win32-x64\jre\21.0.11-win32-x86_64\bin\zip.dll
Event: 1.246 Loaded shared library C:\Users\HP\.vscode\extensions\redhat.java-1.55.0-win32-x64\jre\21.0.11-win32-x86_64\bin\jimage.dll
Event: 1.707 Loaded shared library C:\Users\HP\.vscode\extensions\redhat.java-1.55.0-win32-x64\jre\21.0.11-win32-x86_64\bin\verify.dll
Event: 1.978 Loaded shared library C:\Users\HP\.gradle\native\1def1411415f61bf3af743bc5b6707747c0891f09f0c88961ee8f79bc544acac\windows-amd64\native-platform.dll
Event: 2.018 Loaded shared library C:\Users\HP\.gradle\native\0.2.7\x86_64-windows-gnu\gradle-fileevents.dll
Event: 5.541 Loaded shared library C:\Users\HP\.vscode\extensions\redhat.java-1.55.0-win32-x64\jre\21.0.11-win32-x86_64\bin\management.dll
Event: 5.550 Loaded shared library C:\Users\HP\.vscode\extensions\redhat.java-1.55.0-win32-x64\jre\21.0.11-win32-x86_64\bin\management_ext.dll
Event: 5.955 Loaded shared library C:\Users\HP\.vscode\extensions\redhat.java-1.55.0-win32-x64\jre\21.0.11-win32-x86_64\bin\extnet.dll
Event: 6.760 Loaded shared library C:\Users\HP\.vscode\extensions\redhat.java-1.55.0-win32-x64\jre\21.0.11-win32-x86_64\bin\sunmscapi.dll

Deoptimization events (20 events):
Event: 39.469 Thread 0x0000020e04e44fd0 DEOPT PACKING pc=0x0000020e1ea765a4 sp=0x00000081db9fbe10
Event: 39.469 Thread 0x0000020e04e44fd0 DEOPT UNPACKING pc=0x0000020e1e0a4422 sp=0x00000081db9fbdd8 mode 2
Event: 39.491 Thread 0x0000020e04e44fd0 Uncommon trap: trap_request=0xffffffc6 fr.pc=0x0000020e1ea765a4 relative=0x00000000000006c4
Event: 39.491 Thread 0x0000020e04e44fd0 Uncommon trap: reason=bimorphic_or_optimized_type_check action=maybe_recompile pc=0x0000020e1ea765a4 method=org.gradle.internal.snapshot.MediumChildMap.withNode(Lorg/gradle/internal/snapshot/VfsRelativePath;Lorg/gradle/internal/snapshot/CaseSensitivity;Lo
Event: 39.491 Thread 0x0000020e04e44fd0 DEOPT PACKING pc=0x0000020e1ea765a4 sp=0x00000081db9fbe10
Event: 39.491 Thread 0x0000020e04e44fd0 DEOPT UNPACKING pc=0x0000020e1e0a4422 sp=0x00000081db9fbdd8 mode 2
Event: 39.517 Thread 0x0000020e04e46380 Uncommon trap: trap_request=0xffffffc6 fr.pc=0x0000020e1ea765a4 relative=0x00000000000006c4
Event: 39.517 Thread 0x0000020e04e46380 Uncommon trap: reason=bimorphic_or_optimized_type_check action=maybe_recompile pc=0x0000020e1ea765a4 method=org.gradle.internal.snapshot.MediumChildMap.withNode(Lorg/gradle/internal/snapshot/VfsRelativePath;Lorg/gradle/internal/snapshot/CaseSensitivity;Lo
Event: 39.517 Thread 0x0000020e04e46380 DEOPT PACKING pc=0x0000020e1ea765a4 sp=0x00000081dbbfcec0
Event: 39.517 Thread 0x0000020e04e46380 DEOPT UNPACKING pc=0x0000020e1e0a4422 sp=0x00000081dbbfce88 mode 2
Event: 39.522 Thread 0x0000020e04e46380 Uncommon trap: trap_request=0xffffffc6 fr.pc=0x0000020e1ea765a4 relative=0x00000000000006c4
Event: 39.522 Thread 0x0000020e04e46380 Uncommon trap: reason=bimorphic_or_optimized_type_check action=maybe_recompile pc=0x0000020e1ea765a4 method=org.gradle.internal.snapshot.MediumChildMap.withNode(Lorg/gradle/internal/snapshot/VfsRelativePath;Lorg/gradle/internal/snapshot/CaseSensitivity;Lo
Event: 39.522 Thread 0x0000020e04e46380 DEOPT PACKING pc=0x0000020e1ea765a4 sp=0x00000081dbbfcb30
Event: 39.522 Thread 0x0000020e04e46380 DEOPT UNPACKING pc=0x0000020e1e0a4422 sp=0x00000081dbbfcaf8 mode 2
Event: 39.532 Thread 0x0000020e04e44fd0 DEOPT PACKING pc=0x0000020e0ef307c4 sp=0x00000081db9fe2b0
Event: 39.532 Thread 0x0000020e04e44fd0 DEOPT UNPACKING pc=0x0000020e1e0a4bc2 sp=0x00000081db9fd7a0 mode 0
Event: 40.136 Thread 0x0000020e3b5cddb0 Uncommon trap: trap_request=0xffffff45 fr.pc=0x0000020e1ea63194 relative=0x0000000000000074
Event: 40.136 Thread 0x0000020e3b5cddb0 Uncommon trap: reason=unstable_if action=reinterpret pc=0x0000020e1ea63194 method=com.esotericsoftware.kryo.io.Output.require(I)Z @ 10 c2
Event: 40.136 Thread 0x0000020e3b5cddb0 DEOPT PACKING pc=0x0000020e1ea63194 sp=0x00000081d91f72d0
Event: 40.136 Thread 0x0000020e3b5cddb0 DEOPT UNPACKING pc=0x0000020e1e0a4422 sp=0x00000081d91f7250 mode 2

Classes loaded (20 events):
Event: 38.372 Loading class java/util/TreeMap$KeySpliterator
Event: 38.374 Loading class java/util/TreeMap$TreeMapSpliterator
Event: 38.374 Loading class java/util/TreeMap$TreeMapSpliterator done
Event: 38.374 Loading class java/util/TreeMap$KeySpliterator done
Event: 38.495 Loading class java/util/stream/ReferencePipeline$4
Event: 38.496 Loading class java/util/stream/IntPipeline$StatelessOp
Event: 38.497 Loading class java/util/stream/IntPipeline$StatelessOp done
Event: 38.497 Loading class java/util/stream/ReferencePipeline$4 done
Event: 38.498 Loading class java/util/stream/ReduceOps$6
Event: 38.498 Loading class java/util/stream/ReduceOps$6 done
Event: 38.498 Loading class java/util/stream/ReduceOps$5ReducingSink
Event: 38.499 Loading class java/util/stream/ReduceOps$5ReducingSink done
Event: 38.499 Loading class java/util/stream/ReferencePipeline$4$1
Event: 38.499 Loading class java/util/stream/ReferencePipeline$4$1 done
Event: 39.530 Loading class java/util/concurrent/ConcurrentLinkedQueue$Itr
Event: 39.531 Loading class java/util/concurrent/ConcurrentLinkedQueue$Itr done
Event: 39.951 Loading class java/util/Collections$ReverseComparator
Event: 39.952 Loading class java/util/Collections$ReverseComparator done
Event: 39.952 Loading class java/util/Collections$ReverseComparator2
Event: 39.952 Loading class java/util/Collections$ReverseComparator2 done

Classes unloaded (1 events):
Event: 24.315 Thread 0x0000020e38a08540 Unloading class 0x0000020e3d7bc400 'java/lang/invoke/LambdaForm$DMH+0x0000020e3d7bc400'

Classes redefined (0 events):
No events

Internal exceptions (20 events):
Event: 37.686 Thread 0x0000020e3b5cddb0 Implicit null exception at 0x0000020e1e870118 to 0x0000020e1e8760d0
Event: 37.831 Thread 0x0000020e3b5cddb0 Exception <a 'java/lang/NoSuchMethodError'{0x0000000604d1ee20}: 'void java.lang.invoke.DirectMethodHandle$Holder.invokeStaticInit(java.lang.Object)'> (0x0000000604d1ee20) 
thrown [s\src\hotspot\share\interpreter\linkResolver.cpp, line 773]
Event: 37.900 Thread 0x0000020e3b5cddb0 Implicit null exception at 0x0000020e1e847a80 to 0x0000020e1e847ab0
Event: 37.916 Thread 0x0000020e3b5cddb0 Exception <a 'java/lang/NoSuchMethodError'{0x00000006048d21d0}: 'java.lang.Object java.lang.invoke.DirectMethodHandle$Holder.newInvokeSpecial(java.lang.Object, java.lang.Object, java.lang.Object, java.lang.Object, java.lang.Object, java.lang.Object, int)'> (0x00000006048d21d0) 
thrown [s\src\hotspot\share\interpreter\linkResolver.cpp, line 773]
Event: 37.917 Thread 0x0000020e3b5cddb0 Exception <a 'java/lang/NoSuchMethodError'{0x00000006048d7900}: 'java.lang.Object java.lang.invoke.DirectMethodHandle$Holder.invokeSpecial(java.lang.Object, java.lang.Object, java.lang.Object, java.lang.Object, java.lang.Object, java.lang.Object, java.lang.Object, int)'> (0x00000006048d7900) 
thrown [s\src\hotspot\share\interpreter\linkResolver.cpp, line 773]
Event: 37.917 Thread 0x0000020e3b5cddb0 Exception <a 'java/lang/NoSuchMethodError'{0x00000006048dca18}: 'java.lang.Object java.lang.invoke.Invokers$Holder.linkToTargetMethod(java.lang.Object, java.lang.Object, java.lang.Object, java.lang.Object, java.lang.Object, int, java.lang.Object)'> (0x00000006048dca18) 
thrown [s\src\hotspot\share\interpreter\linkResolver.cpp, line 773]
Event: 38.178 Thread 0x0000020e04e44fd0 Exception <a 'java/lang/NoSuchMethodError'{0x00000006046f5a58}: 'java.lang.Object java.lang.invoke.DirectMethodHandle$Holder.newInvokeSpecial(java.lang.Object, java.lang.Object, int, java.lang.Object, java.lang.Object)'> (0x00000006046f5a58) 
thrown [s\src\hotspot\share\interpreter\linkResolver.cpp, line 773]
Event: 38.178 Thread 0x0000020e04e44fd0 Exception <a 'java/lang/NoSuchMethodError'{0x00000006046f9b08}: 'java.lang.Object java.lang.invoke.DirectMethodHandle$Holder.invokeSpecial(java.lang.Object, java.lang.Object, java.lang.Object, int, java.lang.Object, java.lang.Object)'> (0x00000006046f9b08) 
thrown [s\src\hotspot\share\interpreter\linkResolver.cpp, line 773]
Event: 38.353 Thread 0x0000020e04e44fd0 Exception <a 'java/lang/NoSuchMethodError'{0x0000000607e448b8}: 'java.lang.Object java.lang.invoke.DirectMethodHandle$Holder.invokeVirtual(java.lang.Object, java.lang.Object, java.lang.Object, java.lang.Object, java.lang.Object, java.lang.Object, java.lang.Object, java.lang.Object, java.lang.Object, java.lang.Object, java.lang.Object, java.lang.Object, java.lang.Object, java.lang.Object, java.lang.Object, java.lang.Object, java.lang.Object, java.lang.Object, java.lang.Object)'> (0x0000000607e448b8) 
thrown
Event: 38.404 Thread 0x0000020e04e44fd0 Exception <a 'java/lang/NoSuchMethodError'{0x0000000607fc20a0}: 'void java.lang.invoke.DirectMethodHandle$Holder.invokeSpecial(java.lang.Object, java.lang.Object, java.lang.Object, java.lang.Object, int, java.lang.Object, java.lang.Object)'> (0x0000000607fc20a0) 
thrown [s\src\hotspot\share\interpreter\linkResolver.cpp, line 773]
Event: 38.536 Thread 0x0000020e04e44fd0 Exception <a 'java/lang/NoSuchMethodError'{0x0000000606a55108}: 'int java.lang.invoke.DirectMethodHandle$Holder.invokeSpecial(java.lang.Object, java.lang.Object, java.lang.Object, java.lang.Object, java.lang.Object)'> (0x0000000606a55108) 
thrown [s\src\hotspot\share\interpreter\linkResolver.cpp, line 773]
Event: 38.626 Thread 0x0000020e04e44fd0 Exception <a 'java/lang/IncompatibleClassChangeError'{0x0000000606570d88}: Found class java.lang.Object, but interface was expected> (0x0000000606570d88) 
thrown [s\src\hotspot\share\interpreter\linkResolver.cpp, line 840]
Event: 38.973 Thread 0x0000020e04e44fd0 Exception <a 'java/lang/NoSuchMethodError'{0x000000060587f950}: static Ljava/lang/Object;.<clinit>()V> (0x000000060587f950) 
thrown [s\src\hotspot\share\prims\jni.cpp, line 1111]
Event: 39.354 Thread 0x0000020e04e44fd0 Exception <a 'java/lang/NoSuchMethodError'{0x000000060528cbb0}: 'int java.lang.invoke.DirectMethodHandle$Holder.invokeStaticInit(java.lang.Object, java.lang.Object, java.lang.Object, java.lang.Object, java.lang.Object)'> (0x000000060528cbb0) 
thrown [s\src\hotspot\share\interpreter\linkResolver.cpp, line 773]
Event: 39.432 Thread 0x0000020e04e44fd0 Exception <a 'sun/nio/fs/WindowsException'{0x0000000604c2c758}> (0x0000000604c2c758) 
thrown [s\src\hotspot\share\prims\jni.cpp, line 520]
Event: 39.433 Thread 0x0000020e04e44fd0 Exception <a 'sun/nio/fs/WindowsException'{0x0000000604c2ed30}> (0x0000000604c2ed30) 
thrown [s\src\hotspot\share\prims\jni.cpp, line 520]
Event: 39.434 Thread 0x0000020e04e44fd0 Exception <a 'sun/nio/fs/WindowsException'{0x0000000604c30fe8}> (0x0000000604c30fe8) 
thrown [s\src\hotspot\share\prims\jni.cpp, line 520]
Event: 39.435 Thread 0x0000020e04e44fd0 Exception <a 'sun/nio/fs/WindowsException'{0x0000000604c32fa0}> (0x0000000604c32fa0) 
thrown [s\src\hotspot\share\prims\jni.cpp, line 520]
Event: 39.444 Thread 0x0000020e04e44fd0 Exception <a 'sun/nio/fs/WindowsException'{0x0000000604c738f0}> (0x0000000604c738f0) 
thrown [s\src\hotspot\share\prims\jni.cpp, line 520]
Event: 39.444 Thread 0x0000020e04e44fd0 Exception <a 'sun/nio/fs/WindowsException'{0x0000000604c75a30}> (0x0000000604c75a30) 
thrown [s\src\hotspot\share\prims\jni.cpp, line 520]

ZGC Phase Switch (0 events):
No events

VM Operations (20 events):
Event: 38.390 Executing non-safepoint VM operation: HandshakeAllThreads (Deoptimize)
Event: 38.390 Executing non-safepoint VM operation: HandshakeAllThreads (Deoptimize) done
Event: 38.418 Executing non-safepoint VM operation: HandshakeAllThreads (Deoptimize)
Event: 38.418 Executing non-safepoint VM operation: HandshakeAllThreads (Deoptimize) done
Event: 38.510 Executing non-safepoint VM operation: HandshakeAllThreads (Deoptimize)
Event: 38.510 Executing non-safepoint VM operation: HandshakeAllThreads (Deoptimize) done
Event: 38.539 Executing non-safepoint VM operation: HandshakeAllThreads (Deoptimize)
Event: 38.540 Executing non-safepoint VM operation: HandshakeAllThreads (Deoptimize) done
Event: 38.866 Executing safepoint VM operation: ICBufferFull
Event: 38.866 Executing safepoint VM operation: ICBufferFull done
Event: 39.282 Executing safepoint VM operation: ICBufferFull
Event: 39.282 Executing safepoint VM operation: ICBufferFull done
Event: 39.420 Executing non-safepoint VM operation: HandshakeAllThreads (Deoptimize)
Event: 39.421 Executing non-safepoint VM operation: HandshakeAllThreads (Deoptimize) done
Event: 39.805 Executing safepoint VM operation: ICBufferFull
Event: 39.805 Executing safepoint VM operation: ICBufferFull done
Event: 39.928 Executing safepoint VM operation: G1CollectForAllocation (G1 Evacuation Pause)
Event: 39.944 Executing safepoint VM operation: G1CollectForAllocation (G1 Evacuation Pause) done
Event: 40.415 Executing safepoint VM operation: ICBufferFull
Event: 40.416 Executing safepoint VM operation: ICBufferFull done

Memory protections (0 events):
No events

Nmethod flushes (20 events):
Event: 33.369 Thread 0x0000020e38a08540 flushing  nmethod 0x0000020e0e86f390
Event: 33.369 Thread 0x0000020e38a08540 flushing  nmethod 0x0000020e0ea7ca10
Event: 33.369 Thread 0x0000020e38a08540 flushing  nmethod 0x0000020e0eaab710
Event: 33.369 Thread 0x0000020e38a08540 flushing  nmethod 0x0000020e0eb40010
Event: 33.369 Thread 0x0000020e38a08540 flushing  nmethod 0x0000020e0eb73690
Event: 33.369 Thread 0x0000020e38a08540 flushing  nmethod 0x0000020e0eb74110
Event: 33.369 Thread 0x0000020e38a08540 flushing  nmethod 0x0000020e0eb76390
Event: 33.369 Thread 0x0000020e38a08540 flushing  nmethod 0x0000020e0eb77390
Event: 33.369 Thread 0x0000020e38a08540 flushing  nmethod 0x0000020e0eb77c10
Event: 33.369 Thread 0x0000020e38a08540 flushing  nmethod 0x0000020e0eb79c10
Event: 33.369 Thread 0x0000020e38a08540 flushing  nmethod 0x0000020e0eb7a790
Event: 33.369 Thread 0x0000020e38a08540 flushing  nmethod 0x0000020e0ebc7910
Event: 33.369 Thread 0x0000020e38a08540 flushing  nmethod 0x0000020e0ebe2a10
Event: 33.369 Thread 0x0000020e38a08540 flushing  nmethod 0x0000020e0ec05e10
Event: 33.369 Thread 0x0000020e38a08540 flushing  nmethod 0x0000020e0ec08510
Event: 33.369 Thread 0x0000020e38a08540 flushing  nmethod 0x0000020e0ec1f290
Event: 33.369 Thread 0x0000020e38a08540 flushing  nmethod 0x0000020e0ec81810
Event: 33.369 Thread 0x0000020e38a08540 flushing  nmethod 0x0000020e0ecaaf90
Event: 33.369 Thread 0x0000020e38a08540 flushing  nmethod 0x0000020e0ecab410
Event: 33.369 Thread 0x0000020e38a08540 flushing  nmethod 0x0000020e0ecb9910

Events (20 events):
Event: 38.952 Thread 0x0000020e04e44fd0 Thread added: 0x0000020e0795d220
Event: 38.953 Thread 0x0000020e04e44fd0 Thread added: 0x0000020e0795aac0
Event: 38.953 Thread 0x0000020e04e44fd0 Thread added: 0x0000020e0795d8b0
Event: 38.954 Thread 0x0000020e04e44fd0 Thread added: 0x0000020e0795a430
Event: 39.051 Thread 0x0000020e04e44fd0 Thread added: 0x0000020e0795e5d0
Event: 39.054 Thread 0x0000020e04e44fd0 Thread added: 0x0000020e0795df40
Event: 39.055 Thread 0x0000020e04e44fd0 Thread added: 0x0000020e0751c580
Event: 39.056 Thread 0x0000020e04e44fd0 Thread added: 0x0000020e0751b1d0
Event: 39.057 Thread 0x0000020e04e44fd0 Thread added: 0x0000020e0751cc10
Event: 39.059 Thread 0x0000020e04e44fd0 Thread added: 0x0000020e0751ab40
Event: 39.060 Thread 0x0000020e04e44fd0 Thread added: 0x0000020e0751b860
Event: 39.256 Thread 0x0000020e04e44fd0 Thread added: 0x0000020e07519e20
Event: 39.256 Thread 0x0000020e04e44fd0 Thread added: 0x0000020e07519790
Event: 40.186 Thread 0x0000020e3b5cddb0 Thread added: 0x0000020e0751d930
Event: 40.186 Thread 0x0000020e3b5cddb0 Thread added: 0x0000020e0751d2a0
Event: 40.187 Thread 0x0000020e3b5cddb0 Thread added: 0x0000020e0751a4b0
Event: 40.211 Thread 0x0000020e3b5cddb0 Thread added: 0x0000020e0751dfc0
Event: 40.211 Thread 0x0000020e3b5cddb0 Thread added: 0x0000020e07520db0
Event: 40.212 Thread 0x0000020e3b5cddb0 Thread added: 0x0000020e0751e650
Event: 40.212 Thread 0x0000020e3b5cddb0 Thread added: 0x0000020e07520720


Dynamic libraries:
0x00007ff77ff90000 - 0x00007ff77ff9e000 	C:\Users\HP\.vscode\extensions\redhat.java-1.55.0-win32-x64\jre\21.0.11-win32-x86_64\bin\java.exe
0x00007ff814720000 - 0x00007ff814986000 	C:\WINDOWS\SYSTEM32\ntdll.dll
0x00007ff812e40000 - 0x00007ff812f09000 	C:\WINDOWS\System32\KERNEL32.DLL
0x00007ff812060000 - 0x00007ff81245a000 	C:\WINDOWS\System32\KERNELBASE.dll
0x00007ff811c60000 - 0x00007ff811dac000 	C:\WINDOWS\System32\ucrtbase.dll
0x00007ffffaec0000 - 0x00007ffffaed8000 	C:\Users\HP\.vscode\extensions\redhat.java-1.55.0-win32-x64\jre\21.0.11-win32-x86_64\bin\jli.dll
0x00007ff812c20000 - 0x00007ff812de7000 	C:\WINDOWS\System32\USER32.dll
0x00007ff812460000 - 0x00007ff812487000 	C:\WINDOWS\System32\win32u.dll
0x00007ffffe400000 - 0x00007ffffe41e000 	C:\Users\HP\.vscode\extensions\redhat.java-1.55.0-win32-x64\jre\21.0.11-win32-x86_64\bin\VCRUNTIME140.dll
0x00007ffff90e0000 - 0x00007ffff9372000 	C:\WINDOWS\WinSxS\amd64_microsoft.windows.common-controls_6595b64144ccf1df_6.0.26100.8521_none_3e08b75ce33403b3\COMCTL32.dll
0x00007ff813c20000 - 0x00007ff813c4b000 	C:\WINDOWS\System32\GDI32.dll
0x00007ff8145f0000 - 0x00007ff814699000 	C:\WINDOWS\System32\msvcrt.dll
0x00007ff811db0000 - 0x00007ff811edb000 	C:\WINDOWS\System32\gdi32full.dll
0x00007ff811a70000 - 0x00007ff811b13000 	C:\WINDOWS\System32\msvcp_win.dll
0x00007ff8146a0000 - 0x00007ff8146d2000 	C:\WINDOWS\System32\IMM32.DLL
0x00007ff80b320000 - 0x00007ff80b32c000 	C:\Users\HP\.vscode\extensions\redhat.java-1.55.0-win32-x64\jre\21.0.11-win32-x86_64\bin\vcruntime140_1.dll
0x00007ffff6a70000 - 0x00007ffff6afd000 	C:\Users\HP\.vscode\extensions\redhat.java-1.55.0-win32-x64\jre\21.0.11-win32-x86_64\bin\msvcp140.dll
0x00007fff423c0000 - 0x00007fff43162000 	C:\Users\HP\.vscode\extensions\redhat.java-1.55.0-win32-x64\jre\21.0.11-win32-x86_64\bin\server\jvm.dll
0x00007ff813420000 - 0x00007ff8134d6000 	C:\WINDOWS\System32\ADVAPI32.dll
0x00007ff812f20000 - 0x00007ff812fca000 	C:\WINDOWS\System32\sechost.dll
0x00007ff8135e0000 - 0x00007ff8136f8000 	C:\WINDOWS\System32\RPCRT4.dll
0x00007ff814560000 - 0x00007ff8145e0000 	C:\WINDOWS\System32\WS2_32.dll
0x00007ff811810000 - 0x00007ff81186e000 	C:\WINDOWS\SYSTEM32\POWRPROF.dll
0x00007ffff48e0000 - 0x00007ffff4916000 	C:\WINDOWS\SYSTEM32\WINMM.dll
0x00007ff809240000 - 0x00007ff80924b000 	C:\WINDOWS\SYSTEM32\VERSION.dll
0x00007ff8117f0000 - 0x00007ff811804000 	C:\WINDOWS\SYSTEM32\UMPDC.dll
0x00007ff810700000 - 0x00007ff81071b000 	C:\WINDOWS\SYSTEM32\kernel.appcore.dll
0x00007ff80a0b0000 - 0x00007ff80a0ba000 	C:\Users\HP\.vscode\extensions\redhat.java-1.55.0-win32-x64\jre\21.0.11-win32-x86_64\bin\jimage.dll
0x00007ff80f170000 - 0x00007ff80f3b2000 	C:\WINDOWS\SYSTEM32\DBGHELP.DLL
0x00007ff813090000 - 0x00007ff813413000 	C:\WINDOWS\System32\combase.dll
0x00007ff813730000 - 0x00007ff813809000 	C:\WINDOWS\System32\OLEAUT32.dll
0x00007ffff9480000 - 0x00007ffff94bb000 	C:\WINDOWS\SYSTEM32\dbgcore.DLL
0x00007ff811bb0000 - 0x00007ff811c58000 	C:\WINDOWS\System32\bcryptPrimitives.dll
0x00007ff801710000 - 0x00007ff80171f000 	C:\Users\HP\.vscode\extensions\redhat.java-1.55.0-win32-x64\jre\21.0.11-win32-x86_64\bin\instrument.dll
0x00007ffffaea0000 - 0x00007ffffaec0000 	C:\Users\HP\.vscode\extensions\redhat.java-1.55.0-win32-x64\jre\21.0.11-win32-x86_64\bin\java.dll
0x00007ff812490000 - 0x00007ff812c14000 	C:\WINDOWS\System32\SHELL32.dll
0x00007ff80f550000 - 0x00007ff80fdd0000 	C:\WINDOWS\SYSTEM32\windows.storage.dll
0x00007ff8138c0000 - 0x00007ff8139b6000 	C:\WINDOWS\System32\SHCORE.dll
0x00007ff8144f0000 - 0x00007ff814557000 	C:\WINDOWS\System32\shlwapi.dll
0x00007ff8118d0000 - 0x00007ff8118f9000 	C:\WINDOWS\SYSTEM32\profapi.dll
0x00007ffffae80000 - 0x00007ffffae98000 	C:\Users\HP\.vscode\extensions\redhat.java-1.55.0-win32-x64\jre\21.0.11-win32-x86_64\bin\zip.dll
0x00007ffffae70000 - 0x00007ffffae80000 	C:\Users\HP\.vscode\extensions\redhat.java-1.55.0-win32-x64\jre\21.0.11-win32-x86_64\bin\net.dll
0x00007ff805270000 - 0x00007ff805399000 	C:\WINDOWS\SYSTEM32\WINHTTP.dll
0x00007ff810c50000 - 0x00007ff810cbc000 	C:\WINDOWS\system32\mswsock.dll
0x00007ffffae50000 - 0x00007ffffae66000 	C:\Users\HP\.vscode\extensions\redhat.java-1.55.0-win32-x64\jre\21.0.11-win32-x86_64\bin\nio.dll
0x00007ffff8690000 - 0x00007ffff86a0000 	C:\Users\HP\.vscode\extensions\redhat.java-1.55.0-win32-x64\jre\21.0.11-win32-x86_64\bin\verify.dll
0x00007ffff73a0000 - 0x00007ffff73c7000 	C:\Users\HP\.gradle\native\1def1411415f61bf3af743bc5b6707747c0891f09f0c88961ee8f79bc544acac\windows-amd64\native-platform.dll
0x00007fff978e0000 - 0x00007fff97958000 	C:\Users\HP\.gradle\native\0.2.7\x86_64-windows-gnu\gradle-fileevents.dll
0x00007ff80c190000 - 0x00007ff80c19a000 	C:\Users\HP\.vscode\extensions\redhat.java-1.55.0-win32-x64\jre\21.0.11-win32-x86_64\bin\management.dll
0x00007ffff8680000 - 0x00007ffff868c000 	C:\Users\HP\.vscode\extensions\redhat.java-1.55.0-win32-x64\jre\21.0.11-win32-x86_64\bin\management_ext.dll
0x00007ff812f10000 - 0x00007ff812f18000 	C:\WINDOWS\System32\PSAPI.DLL
0x00007ff8100e0000 - 0x00007ff810113000 	C:\WINDOWS\SYSTEM32\IPHLPAPI.DLL
0x00007ff8134e0000 - 0x00007ff8134ea000 	C:\WINDOWS\System32\NSI.dll
0x00007ffff8670000 - 0x00007ffff8679000 	C:\Users\HP\.vscode\extensions\redhat.java-1.55.0-win32-x64\jre\21.0.11-win32-x86_64\bin\extnet.dll
0x00007ff811050000 - 0x00007ff81106b000 	C:\WINDOWS\SYSTEM32\CRYPTSP.dll
0x00007ff810660000 - 0x00007ff810699000 	C:\WINDOWS\system32\rsaenh.dll
0x00007ff810d00000 - 0x00007ff810d33000 	C:\WINDOWS\SYSTEM32\USERENV.dll
0x00007ff8118a0000 - 0x00007ff8118ca000 	C:\WINDOWS\SYSTEM32\bcrypt.dll
0x00007ff810eb0000 - 0x00007ff810ebc000 	C:\WINDOWS\SYSTEM32\CRYPTBASE.dll
0x00007ffffaf40000 - 0x00007ffffaf4e000 	C:\Users\HP\.vscode\extensions\redhat.java-1.55.0-win32-x64\jre\21.0.11-win32-x86_64\bin\sunmscapi.dll
0x00007ff811ee0000 - 0x00007ff812058000 	C:\WINDOWS\System32\CRYPT32.dll
0x00007ff8111b0000 - 0x00007ff8111e0000 	C:\WINDOWS\SYSTEM32\ncrypt.dll
0x00007ff811160000 - 0x00007ff81119f000 	C:\WINDOWS\SYSTEM32\NTASN1.dll
0x00007fffe3c20000 - 0x00007fffe3c28000 	C:\WINDOWS\system32\wshunix.dll

JVMTI agents:
C:\Users\HP\.gradle\wrapper\dists\gradle-8.14-all\c2qonpi39x1mddn7hk5gh9iqj\gradle-8.14\lib\agents\gradle-instrumentation-agent-8.14.jar path:C:\Users\HP\.vscode\extensions\redhat.java-1.55.0-win32-x64\jre\21.0.11-win32-x86_64\bin\instrument.dll, loaded, initialized, instrumentlib options:none

dbghelp: loaded successfully - version: 4.0.5 - missing functions: none
symbol engine: initialized successfully - sym options: 0x614 - pdb path: .;C:\Users\HP\.vscode\extensions\redhat.java-1.55.0-win32-x64\jre\21.0.11-win32-x86_64\bin;C:\WINDOWS\SYSTEM32;C:\WINDOWS\WinSxS\amd64_microsoft.windows.common-controls_6595b64144ccf1df_6.0.26100.8521_none_3e08b75ce33403b3;C:\Users\HP\.vscode\extensions\redhat.java-1.55.0-win32-x64\jre\21.0.11-win32-x86_64\bin\server;C:\Users\HP\.gradle\native\1def1411415f61bf3af743bc5b6707747c0891f09f0c88961ee8f79bc544acac\windows-amd64;C:\Users\HP\.gradle\native\0.2.7\x86_64-windows-gnu

VM Arguments:
jvm_args: --add-opens=java.base/java.lang=ALL-UNNAMED --add-opens=java.base/java.lang.invoke=ALL-UNNAMED --add-opens=java.base/java.util=ALL-UNNAMED --add-opens=java.prefs/java.util.prefs=ALL-UNNAMED --add-exports=jdk.compiler/com.sun.tools.javac.api=ALL-UNNAMED --add-exports=jdk.compiler/com.sun.tools.javac.util=ALL-UNNAMED --add-opens=java.base/java.util=ALL-UNNAMED --add-opens=java.prefs/java.util.prefs=ALL-UNNAMED --add-opens=java.base/java.nio.charset=ALL-UNNAMED --add-opens=java.base/java.net=ALL-UNNAMED --add-opens=java.base/java.util.concurrent.atomic=ALL-UNNAMED --add-opens=java.xml/javax.xml.namespace=ALL-UNNAMED -XX:MaxMetaspaceSize=4G -XX:ReservedCodeCacheSize=512m -XX:+HeapDumpOnOutOfMemoryError -Xmx8G -Dfile.encoding=UTF-8 -Duser.country=US -Duser.language=en -Duser.variant -javaagent:C:\Users\HP\.gradle\wrapper\dists\gradle-8.14-all\c2qonpi39x1mddn7hk5gh9iqj\gradle-8.14\lib\agents\gradle-instrumentation-agent-8.14.jar 
java_command: org.gradle.launcher.daemon.bootstrap.GradleDaemon 8.14
java_class_path (initial): C:\Users\HP\.gradle\wrapper\dists\gradle-8.14-all\c2qonpi39x1mddn7hk5gh9iqj\gradle-8.14\lib\gradle-daemon-main-8.14.jar
Launcher Type: SUN_STANDARD

[Global flags]
     intx CICompilerCount                          = 4                                         {product} {ergonomic}
     uint ConcGCThreads                            = 2                                         {product} {ergonomic}
     uint G1ConcRefinementThreads                  = 8                                         {product} {ergonomic}
   size_t G1HeapRegionSize                         = 4194304                                   {product} {ergonomic}
    uintx GCDrainStackTargetSize                   = 64                                        {product} {ergonomic}
     bool HeapDumpOnOutOfMemoryError               = true                                   {manageable} {command line}
   size_t InitialHeapSize                          = 134217728                                 {product} {ergonomic}
   size_t MarkStackSize                            = 4194304                                   {product} {ergonomic}
   size_t MaxHeapSize                              = 8589934592                                {product} {command line}
   size_t MaxMetaspaceSize                         = 4294967296                                {product} {command line}
   size_t MaxNewSize                               = 5150605312                                {product} {ergonomic}
   size_t MinHeapDeltaBytes                        = 4194304                                   {product} {ergonomic}
   size_t MinHeapSize                              = 8388608                                   {product} {ergonomic}
    uintx NonNMethodCodeHeapSize                   = 5839372                                {pd product} {ergonomic}
    uintx NonProfiledCodeHeapSize                  = 265515770                              {pd product} {ergonomic}
    uintx ProfiledCodeHeapSize                     = 265515770                              {pd product} {ergonomic}
    uintx ReservedCodeCacheSize                    = 536870912                              {pd product} {command line}
     bool SegmentedCodeCache                       = true                                      {product} {ergonomic}
   size_t SoftMaxHeapSize                          = 8589934592                             {manageable} {ergonomic}
     bool UseCompressedOops                        = true                           {product lp64_product} {ergonomic}
     bool UseG1GC                                  = true                                      {product} {ergonomic}
     bool UseLargePagesIndividualAllocation        = false                                  {pd product} {ergonomic}

Logging:
Log output configuration:
 #0: stdout all=warning uptime,level,tags foldmultilines=false
 #1: stderr all=off uptime,level,tags foldmultilines=false

Release file:
JAVA_VERSION="21.0.11" 
MODULES="java.base java.compiler java.datatransfer java.xml java.prefs java.desktop java.instrument java.logging java.management java.security.sasl java.naming java.rmi java.management.rmi java.net.http java.scripting java.security.jgss java.transaction.xa java.sql java.sql.rowset java.xml.crypto java.se java.smartcardio jdk.accessibility jdk.internal.jvmstat jdk.attach jdk.charsets jdk.internal.opt jdk.zipfs jdk.compiler jdk.crypto.ec jdk.crypto.cryptoki jdk.crypto.mscapi jdk.dynalink jdk.internal.ed jdk.editpad jdk.hotspot.agent jdk.httpserver jdk.internal.le jdk.internal.vm.ci jdk.internal.vm.compiler jdk.internal.vm.compiler.management jdk.jartool jdk.javadoc jdk.jcmd jdk.management jdk.management.agent jdk.jconsole jdk.jdeps jdk.jdwp.agent jdk.jdi jdk.jfr jdk.jshell jdk.jsobject jdk.jstatd jdk.localedata jdk.management.jfr jdk.naming.dns jdk.naming.rmi jdk.net jdk.nio.mapmode jdk.random jdk.sctp jdk.security.auth jdk.security.jgss jdk.unsupported jdk.unsupported.desktop jdk.xml.dom" 

Environment Variables:
PATH=D:\JavaJDK\bin;C:\Program Files\PlasticSCM5\server;C:\Program Files\PlasticSCM5\client;C:\Users\HP\AppData\Local\Programs\Eclipse Adoptium\jdk-17.0.15.6-hotspot;C:\WINDOWS\system32;C:\WINDOWS;C:\WINDOWS\System32\Wbem;C:\WINDOWS\System32\WindowsPowerShell\v1.0\;C:\WINDOWS\System32\OpenSSH\;C:\Program Files\Microsoft SQL Server\Client SDK\ODBC\170\Tools\Binn\;D:\Git\Git\cmd;C:\Users\HP\AppData\Local\nvm;C:\nvm4w\nodejs;C:\Program Files\CMake\bin;C:\Program Files\dotnet\;C:\Program Files\Docker\Docker\resources\bin;C:\Program Files\Go\bin;C:\Users\HP\scoop\shims;C:\Users\HP\AppData\Local\Microsoft\WindowsApps;C:\Users\HP\AppData\Local\Programs\Microsoft VS Code\bin;C:\Users\HP\AppData\Local\GitHubDesktop\bin;C:\ninja;C:\Program Files\CMake\bin;C:\Users\HP\.dotnet\tools;C:\Users\HP\AppData\Local\nvm;C:\nvm4w\nodejs;C:\Users\HP\.deno\bin;C:\Users\HP\AppData\Local\Microsoft\WindowsApps;C:\Users\HP\.dotnet\tools;C:\Users\HP\AppData\Local\Programs\Antigravity\bin;D:\Flutter\flutter\bin;D:\JavaJDK\bin;D:\MongoDBShell\;C:\Program Files\MongoDB\Server\8.3\bin;C:\Users\HP\AppData\Local\Programs\Antigravity IDE\bin;C:\Users\HP\AppData\Local\Programs\cursor\resources\app\bin;C:\Program Files\Go\bin;
USERNAME=HP
OS=Windows_NT
PROCESSOR_IDENTIFIER=Intel64 Family 6 Model 142 Stepping 12, GenuineIntel
TMP=C:\Users\HP\AppData\Local\Temp
TEMP=C:\Users\HP\AppData\Local\Temp




Periodic native trim disabled

---------------  S Y S T E M  ---------------

OS:
 Windows 11 , 64 bit Build 26100 (10.0.26100.8521)
OS uptime: 10 days 12:11 hours
Hyper-V role detected

CPU: total 8 (initial active 8) (4 cores per cpu, 2 threads per core) family 6 model 142 stepping 12 microcode 0xf8, cx8, cmov, fxsr, ht, mmx, 3dnowpref, sse, sse2, sse3, ssse3, sse4.1, sse4.2, popcnt, lzcnt, tsc, tscinvbit, avx, avx2, aes, erms, clmul, bmi1, bmi2, adx, fma, vzeroupper, clflush, clflushopt, hv, rdtscp, f16c
Processor Information for the first 8 processors :
  Max Mhz: 1896, Current Mhz: 1596, Mhz Limit: 1592

Memory: 4k page, system-wide physical 7998M (25M free)
TotalPageFile size 22011M (AvailPageFile size 2M)
current process WorkingSet (physical memory assigned to process): 199M, peak: 309M
current process commit charge ("private bytes"): 394M, peak: 394M

vm_info: OpenJDK 64-Bit Server VM (21.0.11+10-LTS) for windows-amd64 JRE (21.0.11+10-LTS), built on 2026-04-21T00:00:00Z by "admin" with MS VC++ 17.12 (VS2022)

END.
